  Создание кода
LINK : fatal error C1001: Внутренняя ошибка в файле компилятора.
  (файл компилятора "f:\dd\vctools\compiler\utc\src\p2\main.c", строка 258)
   Чтобы обойти эту неполадку, попытайтесь упростить или изменить программу в строках около указанной позиции.
  Для получения дополнительных сведений выберите команду "Техническая поддержка" 
  в меню "Справка" Visual C++ или откройте файл справки технической поддержки.
    link!InvokeCompilerPass()+0x1f204
    link!InvokeCompilerPass()+0x1f204
    link!InvokeCompilerPass()+0x1ec1e
    link!DllGetC2Telemetry()+0xd853a
  
LINK : fatal error C1001: Внутренняя ошибка в файле компилятора.
  (файл компилятора "f:\dd\vctools\compiler\utc\src\p2\main.c", строка 258)
   Чтобы обойти эту неполадку, попытайтесь упростить или изменить программу в строках около указанной позиции.
  Для получения дополнительных сведений выберите команду "Техническая поддержка" 
  в меню "Справка" Visual C++ или откройте файл справки технической поддержки.
    link!InvokeCompilerPass()+0x1f204
    link!InvokeCompilerPass()+0x1ec1e
    link!DllGetC2Telemetry()+0xd853a
  
  
LINK : fatal error LNK1000: Internal error during IMAGE::BuildImage
  
    Version 14.12.25835.0
  
    ExceptionCode            = C0000005
    ExceptionFlags           = 00000000
    ExceptionAddress         = 047DC072 (043A0000) "C:\Program Files (x86)\Microsoft Visual Studio\2017\Community\VC\Tools\MSVC\14.12.25827\bin\HostX86\x64\c2.dll"
    NumberParameters         = 00000002
    ExceptionInformation[ 0] = 00000000
    ExceptionInformation[ 1] = 0B792C9C
  
  CONTEXT:
    Eax    = 0B792C9C  Esp    = 010FE590
    Ebx    = 01780113  Ebp    = 010FE5C0
    Ecx    = 00000005  Esi    = 0B792C9C
    Edx    = 0717102C  Edi    = 010FE5A0
    Eip    = 047DC072  EFlags = 00010206
    SegCs  = 00000023  SegDs  = 0000002B
    SegSs  = 0000002B  SegEs  = 0000002B
    SegFs  = 00000053  SegGs  = 0000002B
    Dr0    = 00000000  Dr3    = 00000000
    Dr1    = 00000000  Dr6    = 00000000
    Dr2    = 00000000  Dr7    = 00000000
